<?xml version="1.0" encoding="UTF-8"?>
<testsuite name="com.ceiba.controlador.ControladoAlquilerTest" tests="2" skipped="0" failures="0" errors="0" timestamp="2022-06-16T14:02:31" hostname="JUANP-VALENCIA" time="1.825">
  <properties/>
  <testcase name="crearAlquilerTest()" classname="com.ceiba.controlador.ControladoAlquilerTest" time="0.384"/>
  <testcase name="Deberia eliminar un vehiculo" classname="com.ceiba.controlador.ControladoAlquilerTest" time="0.239"/>
  <system-out><![CDATA[2022-06-16 09:02:30.554  INFO 7720 --- [    Test worker] o.s.t.c.support.AbstractContextLoader    : Could not detect default resource locations for test class [com.ceiba.controlador.ControladoAlquilerTest]: no resource found for suffixes {-context.xml, Context.groovy}.
2022-06-16 09:02:30.561  INFO 7720 --- [    Test worker] .b.t.a.w.s.WebMvcTestContextBootstrapper : Loaded default TestExecutionListener class names from location [META-INF/spring.factories]: [org.springframework.boot.test.autoconfigure.restdocs.RestDocsTestExecutionListener, org.springframework.boot.test.autoconfigure.web.client.MockRestServiceServerResetTestExecutionListener, org.springframework.boot.test.autoconfigure.web.servlet.MockMvcPrintOnlyOnFailureTestExecutionListener, org.springframework.boot.test.autoconfigure.web.servlet.WebDriverTestExecutionListener, org.springframework.boot.test.autoconfigure.webservices.client.MockWebServiceServerTestExecutionListener, org.springframework.boot.test.mock.mockito.MockitoTestExecutionListener, org.springframework.boot.test.mock.mockito.ResetMocksTestExecutionListener, org.springframework.test.context.web.ServletTestExecutionListener, org.springframework.test.context.support.DirtiesContextBeforeModesTestExecutionListener, org.springframework.test.context.event.ApplicationEventsTestExecutionListener, org.springframework.test.context.support.DependencyInjectionTestExecutionListener, org.springframework.test.context.support.DirtiesContextTestExecutionListener, org.springframework.test.context.transaction.TransactionalTestExecutionListener, org.springframework.test.context.jdbc.SqlScriptsTestExecutionListener, org.springframework.test.context.event.EventPublishingTestExecutionListener]
2022-06-16 09:02:30.562  INFO 7720 --- [    Test worker] .b.t.a.w.s.WebMvcTestContextBootstrapper : Using TestExecutionListeners: [org.springframework.test.context.web.ServletTestExecutionListener@7e532896, org.springframework.test.context.support.DirtiesContextBeforeModesTestExecutionListener@7a60c431, org.springframework.test.context.event.ApplicationEventsTestExecutionListener@3256cd5a, org.springframework.boot.test.mock.mockito.MockitoTestExecutionListener@4f415a37, org.springframework.boot.test.autoconfigure.SpringBootDependencyInjectionTestExecutionListener@28b1ccd1, org.springframework.test.context.support.DirtiesContextTestExecutionListener@548cc4ba, org.springframework.test.context.transaction.TransactionalTestExecutionListener@5034ef6c, org.springframework.test.context.jdbc.SqlScriptsTestExecutionListener@156187bf, org.springframework.test.context.event.EventPublishingTestExecutionListener@33101686, org.springframework.boot.test.autoconfigure.restdocs.RestDocsTestExecutionListener@18bbd4a, org.springframework.boot.test.autoconfigure.web.client.MockRestServiceServerResetTestExecutionListener@76b36d98, org.springframework.boot.test.autoconfigure.web.servlet.MockMvcPrintOnlyOnFailureTestExecutionListener@6ff6508e, org.springframework.boot.test.autoconfigure.web.servlet.WebDriverTestExecutionListener@5c61cfd0, org.springframework.boot.test.autoconfigure.webservices.client.MockWebServiceServerTestExecutionListener@dc58fb, org.springframework.boot.test.mock.mockito.ResetMocksTestExecutionListener@6d6e2ad5]

  .   ____          _            __ _ _
 /\\ / ___'_ __ _ _(_)_ __  __ _ \ \ \ \
( ( )\___ | '_ | '_| | '_ \/ _` | \ \ \ \
 \\/  ___)| |_)| | | | | || (_| |  ) ) ) )
  '  |____| .__|_| |_|_| |_\__, | / / / /
 =========|_|==============|___/=/_/_/_/
 :: Spring Boot ::                (v2.7.0)

2022-06-16 09:02:30.632  INFO 7720 --- [    Test worker] c.c.controlador.ControladoAlquilerTest   : Starting ControladoAlquilerTest using Java 17.0.3 on JUANP-VALENCIA with PID 7720 (started by juan.valencia in C:\Users\juan.valencia\Documents\GitHub\ADNAlquiler\microservicio\infraestructura)
2022-06-16 09:02:30.632  INFO 7720 --- [    Test worker] c.c.controlador.ControladoAlquilerTest   : No active profile set, falling back to 1 default profile: "default"
2022-06-16 09:02:30.887  INFO 7720 --- [    Test worker] com.zaxxer.hikari.HikariDataSource       : pool - Starting...
2022-06-16 09:02:30.891  INFO 7720 --- [    Test worker] com.zaxxer.hikari.HikariDataSource       : pool - Start completed.
2022-06-16 09:02:30.976  INFO 7720 --- [    Test worker] o.s.j.d.e.EmbeddedDatabaseFactory        : Starting embedded database: url='jdbc:h2:mem:testdb;DB_CLOSE_DELAY=-1;DB_CLOSE_ON_EXIT=false', username='sa'
2022-06-16 09:02:30.987  INFO 7720 --- [    Test worker] o.f.c.i.database.base.DatabaseType       : Database: jdbc:h2:mem:testdb (H2 1.4)
2022-06-16 09:02:31.000  INFO 7720 --- [    Test worker] o.f.core.internal.command.DbValidate     : Successfully validated 2 migrations (execution time 00:00.006s)
2022-06-16 09:02:31.015  INFO 7720 --- [    Test worker] o.f.c.i.s.JdbcTableSchemaHistory         : Creating Schema History table "PUBLIC"."flyway_schema_history" ...
2022-06-16 09:02:31.034  INFO 7720 --- [    Test worker] o.f.core.internal.command.DbMigrate      : Current version of schema "PUBLIC": << Empty Schema >>
2022-06-16 09:02:31.041  INFO 7720 --- [    Test worker] o.f.core.internal.command.DbMigrate      : Migrating schema "PUBLIC" to version 1.0 - schema
2022-06-16 09:02:31.067  INFO 7720 --- [    Test worker] o.f.core.internal.command.DbMigrate      : Migrating schema "PUBLIC" to version 1.1 - data
2022-06-16 09:02:31.091  INFO 7720 --- [    Test worker] o.f.core.internal.command.DbMigrate      : Successfully applied 2 migrations to schema "PUBLIC" (execution time 00:00.063s)
2022-06-16 09:02:31.932  INFO 7720 --- [    Test worker] o.s.b.t.m.w.SpringBootMockServletContext : Initializing Spring TestDispatcherServlet ''
2022-06-16 09:02:31.933  INFO 7720 --- [    Test worker] o.s.t.web.servlet.TestDispatcherServlet  : Initializing Servlet ''
2022-06-16 09:02:31.934  INFO 7720 --- [    Test worker] o.s.t.web.servlet.TestDispatcherServlet  : Completed initialization in 1 ms
2022-06-16 09:02:31.959  INFO 7720 --- [    Test worker] c.c.controlador.ControladoAlquilerTest   : Started ControladoAlquilerTest in 1.392 seconds (JVM running for 11.974)
2022-06-16 09:02:32.134  INFO 7720 --- [    Test worker] o.s.j.d.e.EmbeddedDatabaseFactory        : Shutting down embedded database: url='jdbc:h2:mem:testdb;DB_CLOSE_DELAY=-1;DB_CLOSE_ON_EXIT=false'
2022-06-16 09:02:32.350  INFO 7720 --- [    Test worker] com.zaxxer.hikari.HikariDataSource       : pool - Shutdown initiated...
2022-06-16 09:02:32.351  INFO 7720 --- [    Test worker] com.zaxxer.hikari.HikariDataSource       : pool - Shutdown completed.

  .   ____          _            __ _ _
 /\\ / ___'_ __ _ _(_)_ __  __ _ \ \ \ \
( ( )\___ | '_ | '_| | '_ \/ _` | \ \ \ \
 \\/  ___)| |_)| | | | | || (_| |  ) ) ) )
  '  |____| .__|_| |_|_| |_\__, | / / / /
 =========|_|==============|___/=/_/_/_/
 :: Spring Boot ::                (v2.7.0)

2022-06-16 09:02:32.402  INFO 7720 --- [    Test worker] c.c.controlador.ControladoAlquilerTest   : Starting ControladoAlquilerTest using Java 17.0.3 on JUANP-VALENCIA with PID 7720 (started by juan.valencia in C:\Users\juan.valencia\Documents\GitHub\ADNAlquiler\microservicio\infraestructura)
2022-06-16 09:02:32.402  INFO 7720 --- [    Test worker] c.c.controlador.ControladoAlquilerTest   : No active profile set, falling back to 1 default profile: "default"
2022-06-16 09:02:32.603  INFO 7720 --- [    Test worker] com.zaxxer.hikari.HikariDataSource       : pool - Starting...
2022-06-16 09:02:32.606  INFO 7720 --- [    Test worker] com.zaxxer.hikari.HikariDataSource       : pool - Start completed.
2022-06-16 09:02:32.687  INFO 7720 --- [    Test worker] o.s.j.d.e.EmbeddedDatabaseFactory        : Starting embedded database: url='jdbc:h2:mem:testdb;DB_CLOSE_DELAY=-1;DB_CLOSE_ON_EXIT=false', username='sa'
2022-06-16 09:02:32.697  INFO 7720 --- [    Test worker] o.f.c.i.database.base.DatabaseType       : Database: jdbc:h2:mem:testdb (H2 1.4)
2022-06-16 09:02:32.705  INFO 7720 --- [    Test worker] o.f.core.internal.command.DbValidate     : Successfully validated 2 migrations (execution time 00:00.004s)
2022-06-16 09:02:32.714  INFO 7720 --- [    Test worker] o.f.c.i.s.JdbcTableSchemaHistory         : Creating Schema History table "PUBLIC"."flyway_schema_history" ...
2022-06-16 09:02:32.730  INFO 7720 --- [    Test worker] o.f.core.internal.command.DbMigrate      : Current version of schema "PUBLIC": << Empty Schema >>
2022-06-16 09:02:32.734  INFO 7720 --- [    Test worker] o.f.core.internal.command.DbMigrate      : Migrating schema "PUBLIC" to version 1.0 - schema
2022-06-16 09:02:32.758  INFO 7720 --- [    Test worker] o.f.core.internal.command.DbMigrate      : Migrating schema "PUBLIC" to version 1.1 - data
2022-06-16 09:02:32.777  INFO 7720 --- [    Test worker] o.f.core.internal.command.DbMigrate      : Successfully applied 2 migrations to schema "PUBLIC" (execution time 00:00.053s)
2022-06-16 09:02:33.527  INFO 7720 --- [    Test worker] o.s.b.t.m.w.SpringBootMockServletContext : Initializing Spring TestDispatcherServlet ''
2022-06-16 09:02:33.528  INFO 7720 --- [    Test worker] o.s.t.web.servlet.TestDispatcherServlet  : Initializing Servlet ''
2022-06-16 09:02:33.528  INFO 7720 --- [    Test worker] o.s.t.web.servlet.TestDispatcherServlet  : Completed initialization in 0 ms
2022-06-16 09:02:33.548  INFO 7720 --- [    Test worker] c.c.controlador.ControladoAlquilerTest   : Started ControladoAlquilerTest in 1.193 seconds (JVM running for 13.564)
2022-06-16 09:02:33.585  INFO 7720 --- [    Test worker] o.s.j.d.e.EmbeddedDatabaseFactory        : Shutting down embedded database: url='jdbc:h2:mem:testdb;DB_CLOSE_DELAY=-1;DB_CLOSE_ON_EXIT=false'
2022-06-16 09:02:33.790  INFO 7720 --- [    Test worker] com.zaxxer.hikari.HikariDataSource       : pool - Shutdown initiated...
2022-06-16 09:02:33.792  INFO 7720 --- [    Test worker] com.zaxxer.hikari.HikariDataSource       : pool - Shutdown completed.
]]></system-out>
  <system-err><![CDATA[]]></system-err>
</testsuite>
