<?xml version="1.0" encoding="UTF-8"?>
<testsuite name="com.ceiba.controlador.ControladoAlquilerTest" tests="2" skipped="0" failures="0" errors="0" timestamp="2022-06-16T15:25:56" hostname="JUANP-VALENCIA" time="1.853">
  <properties/>
  <testcase name="crearAlquilerTest()" classname="com.ceiba.controlador.ControladoAlquilerTest" time="0.367"/>
  <testcase name="Deberia eliminar un vehiculo" classname="com.ceiba.controlador.ControladoAlquilerTest" time="0.242"/>
  <system-out><![CDATA[2022-06-16 10:25:55.206  INFO 15512 --- [    Test worker] o.s.t.c.support.AbstractContextLoader    : Could not detect default resource locations for test class [com.ceiba.controlador.ControladoAlquilerTest]: no resource found for suffixes {-context.xml, Context.groovy}.
2022-06-16 10:25:55.213  INFO 15512 --- [    Test worker] .b.t.a.w.s.WebMvcTestContextBootstrapper : Loaded default TestExecutionListener class names from location [META-INF/spring.factories]: [org.springframework.boot.test.autoconfigure.restdocs.RestDocsTestExecutionListener, org.springframework.boot.test.autoconfigure.web.client.MockRestServiceServerResetTestExecutionListener, org.springframework.boot.test.autoconfigure.web.servlet.MockMvcPrintOnlyOnFailureTestExecutionListener, org.springframework.boot.test.autoconfigure.web.servlet.WebDriverTestExecutionListener, org.springframework.boot.test.autoconfigure.webservices.client.MockWebServiceServerTestExecutionListener, org.springframework.boot.test.mock.mockito.MockitoTestExecutionListener, org.springframework.boot.test.mock.mockito.ResetMocksTestExecutionListener, org.springframework.test.context.web.ServletTestExecutionListener, org.springframework.test.context.support.DirtiesContextBeforeModesTestExecutionListener, org.springframework.test.context.event.ApplicationEventsTestExecutionListener, org.springframework.test.context.support.DependencyInjectionTestExecutionListener, org.springframework.test.context.support.DirtiesContextTestExecutionListener, org.springframework.test.context.transaction.TransactionalTestExecutionListener, org.springframework.test.context.jdbc.SqlScriptsTestExecutionListener, org.springframework.test.context.event.EventPublishingTestExecutionListener]
2022-06-16 10:25:55.214  INFO 15512 --- [    Test worker] .b.t.a.w.s.WebMvcTestContextBootstrapper : Using TestExecutionListeners: [org.springframework.test.context.web.ServletTestExecutionListener@dc58fb, org.springframework.test.context.support.DirtiesContextBeforeModesTestExecutionListener@6d6e2ad5, org.springframework.test.context.event.ApplicationEventsTestExecutionListener@304175d6, org.springframework.boot.test.mock.mockito.MockitoTestExecutionListener@628c2341, org.springframework.boot.test.autoconfigure.SpringBootDependencyInjectionTestExecutionListener@75a46b, org.springframework.test.context.support.DirtiesContextTestExecutionListener@1c511e32, org.springframework.test.context.transaction.TransactionalTestExecutionListener@278537ab, org.springframework.test.context.jdbc.SqlScriptsTestExecutionListener@24908e31, org.springframework.test.context.event.EventPublishingTestExecutionListener@96b3034, org.springframework.boot.test.autoconfigure.restdocs.RestDocsTestExecutionListener@1d5f1fa5, org.springframework.boot.test.autoconfigure.web.client.MockRestServiceServerResetTestExecutionListener@13695bca, org.springframework.boot.test.autoconfigure.web.servlet.MockMvcPrintOnlyOnFailureTestExecutionListener@33a8ae90, org.springframework.boot.test.autoconfigure.web.servlet.WebDriverTestExecutionListener@6312c241, org.springframework.boot.test.autoconfigure.webservices.client.MockWebServiceServerTestExecutionListener@6d54bb1, org.springframework.boot.test.mock.mockito.ResetMocksTestExecutionListener@5fbbe7aa]

  .   ____          _            __ _ _
 /\\ / ___'_ __ _ _(_)_ __  __ _ \ \ \ \
( ( )\___ | '_ | '_| | '_ \/ _` | \ \ \ \
 \\/  ___)| |_)| | | | | || (_| |  ) ) ) )
  '  |____| .__|_| |_|_| |_\__, | / / / /
 =========|_|==============|___/=/_/_/_/
 :: Spring Boot ::                (v2.7.0)

2022-06-16 10:25:55.277  INFO 15512 --- [    Test worker] c.c.controlador.ControladoAlquilerTest   : Starting ControladoAlquilerTest using Java 17.0.3 on JUANP-VALENCIA with PID 15512 (started by juan.valencia in C:\Users\juan.valencia\Documents\GitHub\ADNAlquiler\microservicio\infraestructura)
2022-06-16 10:25:55.277  INFO 15512 --- [    Test worker] c.c.controlador.ControladoAlquilerTest   : No active profile set, falling back to 1 default profile: "default"
2022-06-16 10:25:55.530  INFO 15512 --- [    Test worker] com.zaxxer.hikari.HikariDataSource       : pool - Starting...
2022-06-16 10:25:55.533  INFO 15512 --- [    Test worker] com.zaxxer.hikari.HikariDataSource       : pool - Start completed.
2022-06-16 10:25:55.622  INFO 15512 --- [    Test worker] o.s.j.d.e.EmbeddedDatabaseFactory        : Starting embedded database: url='jdbc:h2:mem:testdb;DB_CLOSE_DELAY=-1;DB_CLOSE_ON_EXIT=false', username='sa'
2022-06-16 10:25:55.633  INFO 15512 --- [    Test worker] o.f.c.i.database.base.DatabaseType       : Database: jdbc:h2:mem:testdb (H2 1.4)
2022-06-16 10:25:55.642  INFO 15512 --- [    Test worker] o.f.core.internal.command.DbValidate     : Successfully validated 2 migrations (execution time 00:00.005s)
2022-06-16 10:25:55.655  INFO 15512 --- [    Test worker] o.f.c.i.s.JdbcTableSchemaHistory         : Creating Schema History table "PUBLIC"."flyway_schema_history" ...
2022-06-16 10:25:55.670  INFO 15512 --- [    Test worker] o.f.core.internal.command.DbMigrate      : Current version of schema "PUBLIC": << Empty Schema >>
2022-06-16 10:25:55.674  INFO 15512 --- [    Test worker] o.f.core.internal.command.DbMigrate      : Migrating schema "PUBLIC" to version 1.0 - schema
2022-06-16 10:25:55.703  INFO 15512 --- [    Test worker] o.f.core.internal.command.DbMigrate      : Migrating schema "PUBLIC" to version 1.1 - data
2022-06-16 10:25:55.725  INFO 15512 --- [    Test worker] o.f.core.internal.command.DbMigrate      : Successfully applied 2 migrations to schema "PUBLIC" (execution time 00:00.059s)
2022-06-16 10:25:56.542  INFO 15512 --- [    Test worker] o.s.b.t.m.w.SpringBootMockServletContext : Initializing Spring TestDispatcherServlet ''
2022-06-16 10:25:56.542  INFO 15512 --- [    Test worker] o.s.t.web.servlet.TestDispatcherServlet  : Initializing Servlet ''
2022-06-16 10:25:56.542  INFO 15512 --- [    Test worker] o.s.t.web.servlet.TestDispatcherServlet  : Completed initialization in 0 ms
2022-06-16 10:25:56.563  INFO 15512 --- [    Test worker] c.c.controlador.ControladoAlquilerTest   : Started ControladoAlquilerTest in 1.344 seconds (JVM running for 11.704)
2022-06-16 10:25:56.730  INFO 15512 --- [    Test worker] o.s.j.d.e.EmbeddedDatabaseFactory        : Shutting down embedded database: url='jdbc:h2:mem:testdb;DB_CLOSE_DELAY=-1;DB_CLOSE_ON_EXIT=false'
2022-06-16 10:25:56.937  INFO 15512 --- [    Test worker] com.zaxxer.hikari.HikariDataSource       : pool - Shutdown initiated...
2022-06-16 10:25:56.938  INFO 15512 --- [    Test worker] com.zaxxer.hikari.HikariDataSource       : pool - Shutdown completed.

  .   ____          _            __ _ _
 /\\ / ___'_ __ _ _(_)_ __  __ _ \ \ \ \
( ( )\___ | '_ | '_| | '_ \/ _` | \ \ \ \
 \\/  ___)| |_)| | | | | || (_| |  ) ) ) )
  '  |____| .__|_| |_|_| |_\__, | / / / /
 =========|_|==============|___/=/_/_/_/
 :: Spring Boot ::                (v2.7.0)

2022-06-16 10:25:57.006  INFO 15512 --- [    Test worker] c.c.controlador.ControladoAlquilerTest   : Starting ControladoAlquilerTest using Java 17.0.3 on JUANP-VALENCIA with PID 15512 (started by juan.valencia in C:\Users\juan.valencia\Documents\GitHub\ADNAlquiler\microservicio\infraestructura)
2022-06-16 10:25:57.007  INFO 15512 --- [    Test worker] c.c.controlador.ControladoAlquilerTest   : No active profile set, falling back to 1 default profile: "default"
2022-06-16 10:25:57.213  INFO 15512 --- [    Test worker] com.zaxxer.hikari.HikariDataSource       : pool - Starting...
2022-06-16 10:25:57.216  INFO 15512 --- [    Test worker] com.zaxxer.hikari.HikariDataSource       : pool - Start completed.
2022-06-16 10:25:57.295  INFO 15512 --- [    Test worker] o.s.j.d.e.EmbeddedDatabaseFactory        : Starting embedded database: url='jdbc:h2:mem:testdb;DB_CLOSE_DELAY=-1;DB_CLOSE_ON_EXIT=false', username='sa'
2022-06-16 10:25:57.306  INFO 15512 --- [    Test worker] o.f.c.i.database.base.DatabaseType       : Database: jdbc:h2:mem:testdb (H2 1.4)
2022-06-16 10:25:57.315  INFO 15512 --- [    Test worker] o.f.core.internal.command.DbValidate     : Successfully validated 2 migrations (execution time 00:00.005s)
2022-06-16 10:25:57.322  INFO 15512 --- [    Test worker] o.f.c.i.s.JdbcTableSchemaHistory         : Creating Schema History table "PUBLIC"."flyway_schema_history" ...
2022-06-16 10:25:57.343  INFO 15512 --- [    Test worker] o.f.core.internal.command.DbMigrate      : Current version of schema "PUBLIC": << Empty Schema >>
2022-06-16 10:25:57.348  INFO 15512 --- [    Test worker] o.f.core.internal.command.DbMigrate      : Migrating schema "PUBLIC" to version 1.0 - schema
2022-06-16 10:25:57.364  INFO 15512 --- [    Test worker] o.f.core.internal.command.DbMigrate      : Migrating schema "PUBLIC" to version 1.1 - data
2022-06-16 10:25:57.382  INFO 15512 --- [    Test worker] o.f.core.internal.command.DbMigrate      : Successfully applied 2 migrations to schema "PUBLIC" (execution time 00:00.044s)
2022-06-16 10:25:58.157  INFO 15512 --- [    Test worker] o.s.b.t.m.w.SpringBootMockServletContext : Initializing Spring TestDispatcherServlet ''
2022-06-16 10:25:58.158  INFO 15512 --- [    Test worker] o.s.t.web.servlet.TestDispatcherServlet  : Initializing Servlet ''
2022-06-16 10:25:58.159  INFO 15512 --- [    Test worker] o.s.t.web.servlet.TestDispatcherServlet  : Completed initialization in 1 ms
2022-06-16 10:25:58.179  INFO 15512 --- [    Test worker] c.c.controlador.ControladoAlquilerTest   : Started ControladoAlquilerTest in 1.236 seconds (JVM running for 13.32)
2022-06-16 10:25:58.215  INFO 15512 --- [    Test worker] o.s.j.d.e.EmbeddedDatabaseFactory        : Shutting down embedded database: url='jdbc:h2:mem:testdb;DB_CLOSE_DELAY=-1;DB_CLOSE_ON_EXIT=false'
2022-06-16 10:25:58.424  INFO 15512 --- [    Test worker] com.zaxxer.hikari.HikariDataSource       : pool - Shutdown initiated...
2022-06-16 10:25:58.425  INFO 15512 --- [    Test worker] com.zaxxer.hikari.HikariDataSource       : pool - Shutdown completed.
]]></system-out>
  <system-err><![CDATA[]]></system-err>
</testsuite>
