<?xml version="1.0" encoding="UTF-8"?>
<testsuite name="com.ceiba.controlador.ConsultaControladorAlquilerTest" tests="1" skipped="0" failures="0" errors="0" timestamp="2022-06-23T20:51:56" hostname="JUANP-VALENCIA" time="0.223">
  <properties/>
  <testcase name="Debe listar los alquiler luego de crearlas" classname="com.ceiba.controlador.ConsultaControladorAlquilerTest" time="0.223"/>
  <system-out><![CDATA[2022-06-23 15:51:55.083  INFO 19200 --- [    Test worker] o.s.t.c.support.AbstractContextLoader    : Could not detect default resource locations for test class [com.ceiba.controlador.ConsultaControladorAlquilerTest]: no resource found for suffixes {-context.xml, Context.groovy}.
2022-06-23 15:51:55.095  INFO 19200 --- [    Test worker] .b.t.a.w.s.WebMvcTestContextBootstrapper : Loaded default TestExecutionListener class names from location [META-INF/spring.factories]: [org.springframework.boot.test.autoconfigure.restdocs.RestDocsTestExecutionListener, org.springframework.boot.test.autoconfigure.web.client.MockRestServiceServerResetTestExecutionListener, org.springframework.boot.test.autoconfigure.web.servlet.MockMvcPrintOnlyOnFailureTestExecutionListener, org.springframework.boot.test.autoconfigure.web.servlet.WebDriverTestExecutionListener, org.springframework.boot.test.autoconfigure.webservices.client.MockWebServiceServerTestExecutionListener, org.springframework.boot.test.mock.mockito.MockitoTestExecutionListener, org.springframework.boot.test.mock.mockito.ResetMocksTestExecutionListener, org.springframework.test.context.web.ServletTestExecutionListener, org.springframework.test.context.support.DirtiesContextBeforeModesTestExecutionListener, org.springframework.test.context.event.ApplicationEventsTestExecutionListener, org.springframework.test.context.support.DependencyInjectionTestExecutionListener, org.springframework.test.context.support.DirtiesContextTestExecutionListener, org.springframework.test.context.transaction.TransactionalTestExecutionListener, org.springframework.test.context.jdbc.SqlScriptsTestExecutionListener, org.springframework.test.context.event.EventPublishingTestExecutionListener]
2022-06-23 15:51:55.096  INFO 19200 --- [    Test worker] .b.t.a.w.s.WebMvcTestContextBootstrapper : Using TestExecutionListeners: [org.springframework.test.context.web.ServletTestExecutionListener@1c2cf47f, org.springframework.test.context.support.DirtiesContextBeforeModesTestExecutionListener@4c16522b, org.springframework.test.context.event.ApplicationEventsTestExecutionListener@272aa224, org.springframework.boot.test.mock.mockito.MockitoTestExecutionListener@655e2908, org.springframework.boot.test.autoconfigure.SpringBootDependencyInjectionTestExecutionListener@1e2aa6d0, org.springframework.test.context.support.DirtiesContextTestExecutionListener@60d33834, org.springframework.test.context.transaction.TransactionalTestExecutionListener@129a9d88, org.springframework.test.context.jdbc.SqlScriptsTestExecutionListener@618f0ba, org.springframework.test.context.event.EventPublishingTestExecutionListener@4dcfca8f, org.springframework.boot.test.autoconfigure.restdocs.RestDocsTestExecutionListener@34a4599a, org.springframework.boot.test.autoconfigure.web.client.MockRestServiceServerResetTestExecutionListener@7294e45b, org.springframework.boot.test.autoconfigure.web.servlet.MockMvcPrintOnlyOnFailureTestExecutionListener@33c84793, org.springframework.boot.test.autoconfigure.web.servlet.WebDriverTestExecutionListener@e068d7, org.springframework.boot.test.autoconfigure.webservices.client.MockWebServiceServerTestExecutionListener@161e99d8, org.springframework.boot.test.mock.mockito.ResetMocksTestExecutionListener@43fd117c]

  .   ____          _            __ _ _
 /\\ / ___'_ __ _ _(_)_ __  __ _ \ \ \ \
( ( )\___ | '_ | '_| | '_ \/ _` | \ \ \ \
 \\/  ___)| |_)| | | | | || (_| |  ) ) ) )
  '  |____| .__|_| |_|_| |_\__, | / / / /
 =========|_|==============|___/=/_/_/_/
 :: Spring Boot ::                (v2.6.7)

2022-06-23 15:51:55.165  INFO 19200 --- [    Test worker] c.c.c.ConsultaControladorAlquilerTest    : Starting ConsultaControladorAlquilerTest using Java 17.0.3 on JUANP-VALENCIA with PID 19200 (started by juan.valencia in C:\Users\juan.valencia\Documents\GitHub\ADNAlquiler\microservicio\infraestructura)
2022-06-23 15:51:55.165  INFO 19200 --- [    Test worker] c.c.c.ConsultaControladorAlquilerTest    : No active profile set, falling back to 1 default profile: "default"
2022-06-23 15:51:55.375  INFO 19200 --- [    Test worker] com.zaxxer.hikari.HikariDataSource       : pool - Starting...
2022-06-23 15:51:55.378  INFO 19200 --- [    Test worker] com.zaxxer.hikari.HikariDataSource       : pool - Start completed.
2022-06-23 15:51:55.465  INFO 19200 --- [    Test worker] o.s.j.d.e.EmbeddedDatabaseFactory        : Starting embedded database: url='jdbc:h2:mem:testdb;DB_CLOSE_DELAY=-1;DB_CLOSE_ON_EXIT=false', username='sa'
2022-06-23 15:51:55.475  INFO 19200 --- [    Test worker] o.f.c.i.database.base.DatabaseType       : Database: jdbc:h2:mem:testdb (H2 1.4)
2022-06-23 15:51:55.484  INFO 19200 --- [    Test worker] o.f.core.internal.command.DbValidate     : Successfully validated 2 migrations (execution time 00:00.004s)
2022-06-23 15:51:55.490  INFO 19200 --- [    Test worker] o.f.c.i.s.JdbcTableSchemaHistory         : Creating Schema History table "PUBLIC"."flyway_schema_history" ...
2022-06-23 15:51:55.510  INFO 19200 --- [    Test worker] o.f.core.internal.command.DbMigrate      : Current version of schema "PUBLIC": << Empty Schema >>
2022-06-23 15:51:55.514  INFO 19200 --- [    Test worker] o.f.core.internal.command.DbMigrate      : Migrating schema "PUBLIC" to version 1.0 - schema
2022-06-23 15:51:55.533  INFO 19200 --- [    Test worker] o.f.core.internal.command.DbMigrate      : Migrating schema "PUBLIC" to version 1.1 - data
2022-06-23 15:51:55.559  INFO 19200 --- [    Test worker] o.f.core.internal.command.DbMigrate      : Successfully applied 2 migrations to schema "PUBLIC" (execution time 00:00.054s)
2022-06-23 15:51:56.308  INFO 19200 --- [    Test worker] o.s.b.t.m.w.SpringBootMockServletContext : Initializing Spring TestDispatcherServlet ''
2022-06-23 15:51:56.308  INFO 19200 --- [    Test worker] o.s.t.web.servlet.TestDispatcherServlet  : Initializing Servlet ''
2022-06-23 15:51:56.309  INFO 19200 --- [    Test worker] o.s.t.web.servlet.TestDispatcherServlet  : Completed initialization in 1 ms
2022-06-23 15:51:56.328  INFO 19200 --- [    Test worker] c.c.c.ConsultaControladorAlquilerTest    : Started ConsultaControladorAlquilerTest in 1.223 seconds (JVM running for 13.41)
2022-06-23 15:51:56.348  INFO 19200 --- [    Test worker] o.s.j.d.e.EmbeddedDatabaseFactory        : Shutting down embedded database: url='jdbc:h2:mem:testdb;DB_CLOSE_DELAY=-1;DB_CLOSE_ON_EXIT=false'
2022-06-23 15:51:56.552  INFO 19200 --- [    Test worker] com.zaxxer.hikari.HikariDataSource       : pool - Shutdown initiated...
2022-06-23 15:51:56.554  INFO 19200 --- [    Test worker] com.zaxxer.hikari.HikariDataSource       : pool - Shutdown completed.
]]></system-out>
  <system-err><![CDATA[]]></system-err>
</testsuite>
