<?xml version="1.0" encoding="UTF-8"?>
<testsuite name="com.ceiba.servicio.ServicioEliminarAlquilerTest" tests="2" skipped="0" failures="0" errors="0" timestamp="2022-06-15T18:06:53" hostname="JUANP-VALENCIA" time="0.037">
  <properties/>
  <testcase name="noExistaAlquiler()" classname="com.ceiba.servicio.ServicioEliminarAlquilerTest" time="0.011"/>
  <testcase name="eliminarAlquiler()" classname="com.ceiba.servicio.ServicioEliminarAlquilerTest" time="0.025"/>
  <system-out><![CDATA[]]></system-out>
  <system-err><![CDATA[]]></system-err>
</testsuite>
