<?xml version="1.0" encoding="UTF-8"?>
<testsuite name="com.ceiba.servicio.ServicioCalcularPagoTest" tests="3" skipped="0" failures="0" errors="0" timestamp="2022-06-15T15:57:49" hostname="JUANP-VALENCIA" time="0.018">
  <properties/>
  <testcase name="ValidarCalculoDelPagoSinDiasExtra()" classname="com.ceiba.servicio.ServicioCalcularPagoTest" time="0.014"/>
  <testcase name="ValidarCalculoDelPagoConDiasExtra()" classname="com.ceiba.servicio.ServicioCalcularPagoTest" time="0.001"/>
  <testcase name="ValidarCalculoDelPagoSinCumplidoDiaDevolucion()" classname="com.ceiba.servicio.ServicioCalcularPagoTest" time="0.001"/>
  <system-out><![CDATA[]]></system-out>
  <system-err><![CDATA[]]></system-err>
</testsuite>
