<?xml version="1.0" encoding="UTF-8"?>
<testsuite name="com.ceiba.servicio.ServicioEliminarTest" tests="1" skipped="0" failures="0" errors="0" timestamp="2022-06-15T13:46:10" hostname="JUANP-VALENCIA" time="2.171">
  <properties/>
  <testcase name="deberiaEliminarElAlquiler()" classname="com.ceiba.servicio.ServicioEliminarTest" time="2.171"/>
  <system-out><![CDATA[]]></system-out>
  <system-err><![CDATA[]]></system-err>
</testsuite>
