<?xml version="1.0" encoding="UTF-8"?>
<testsuite name="com.ceiba.servicio.ServicioCalcularTiempoDevolucionTest" tests="1" skipped="0" failures="0" errors="0" timestamp="2022-06-15T15:49:50" hostname="JUANP-VALENCIA" time="0.002">
  <properties/>
  <testcase name="ValidaCalculoTiempoDevolucion()" classname="com.ceiba.servicio.ServicioCalcularTiempoDevolucionTest" time="0.002"/>
  <system-out><![CDATA[]]></system-out>
  <system-err><![CDATA[]]></system-err>
</testsuite>
