<?xml version="1.0" encoding="UTF-8"?>
<testsuite name="com.ceiba.servicio.ServicioEliminarAlquilerTest" tests="1" skipped="0" failures="0" errors="0" timestamp="2022-06-15T14:56:29" hostname="JUANP-VALENCIA" time="2.149">
  <properties/>
  <testcase name="noExistaAlquiler()" classname="com.ceiba.servicio.ServicioEliminarAlquilerTest" time="2.149"/>
  <system-out><![CDATA[]]></system-out>
  <system-err><![CDATA[]]></system-err>
</testsuite>
