<?xml version="1.0" encoding="UTF-8"?>
<testsuite name="com.ceiba.servicio.ServicioEliminarTest" tests="2" skipped="0" failures="0" errors="0" timestamp="2022-06-14T22:02:39" hostname="JUANP-VALENCIA" time="1.95">
  <properties/>
  <testcase name="noExistaAlquiler()" classname="com.ceiba.servicio.ServicioEliminarTest" time="1.934"/>
  <testcase name="deberiaEliminarElAlquiler()" classname="com.ceiba.servicio.ServicioEliminarTest" time="0.015"/>
  <system-out><![CDATA[]]></system-out>
  <system-err><![CDATA[]]></system-err>
</testsuite>
