<?xml version="1.0" encoding="UTF-8"?>
<testsuite name="com.ceiba.modelo.AlquilerTest" tests="2" skipped="0" failures="0" errors="0" timestamp="2022-07-01T13:14:53" hostname="JUANP-VALENCIA" time="0.043">
  <properties/>
  <testcase name="ValidarCamposFaltante()" classname="com.ceiba.modelo.AlquilerTest" time="0.042"/>
  <testcase name="validarCreacionExitos()" classname="com.ceiba.modelo.AlquilerTest" time="0.0"/>
  <system-out><![CDATA[]]></system-out>
  <system-err><![CDATA[]]></system-err>
</testsuite>
