<?xml version="1.0" encoding="UTF-8"?>
<testsuite name="com.ceiba.servicio.ServicioEliminarTest" tests="1" skipped="0" failures="0" errors="0" timestamp="2022-06-15T14:02:39" hostname="JUANP-VALENCIA" time="1.845">
  <properties/>
  <testcase name="deberiaEliminarElAlquiler()" classname="com.ceiba.servicio.ServicioEliminarTest" time="1.845"/>
  <system-out><![CDATA[]]></system-out>
  <system-err><![CDATA[]]></system-err>
</testsuite>
