<?xml version="1.0" encoding="UTF-8"?>
<testsuite name="com.ceiba.servicio.ServicioEliminarTest" tests="1" skipped="0" failures="0" errors="0" timestamp="2022-06-14T21:05:33" hostname="JUANP-VALENCIA" time="1.928">
  <properties/>
  <testcase name="noExistaAlquiler()" classname="com.ceiba.servicio.ServicioEliminarTest" time="1.928"/>
  <system-out><![CDATA[]]></system-out>
  <system-err><![CDATA[]]></system-err>
</testsuite>
