<?xml version="1.0" encoding="UTF-8"?>
<testsuite name="com.ceiba.servicio.ServicioEliminarAlquilerTest" tests="2" skipped="0" failures="0" errors="0" timestamp="2022-06-15T15:11:11" hostname="JUANP-VALENCIA" time="1.973">
  <properties/>
  <testcase name="ExepcionNoExisteAlquier()" classname="com.ceiba.servicio.ServicioEliminarAlquilerTest" time="1.939"/>
  <testcase name="existaAlquiler()" classname="com.ceiba.servicio.ServicioEliminarAlquilerTest" time="0.033"/>
  <system-out><![CDATA[]]></system-out>
  <system-err><![CDATA[]]></system-err>
</testsuite>
